Build started 21.5.2015 г. 00:08:06 ч..
     1>Project "C:\Users\Dimo\Desktop\SnakeGameWithDataQueue\SnakeGameWithDataQueue\SnakeGameWithDataQueue.vcxproj" on node 2 (Build target(s)).
     1>ClCompile:
         C:\Program Files (x86)\Microsoft Visual Studio 12.0\VC\bin\CL.exe /c /Zi /nologo /W3 /WX- /sdl /O2 /Oi /Oy- /GL /D _MBCS /Gm- /EHsc /MD /GS /Gy /fp:precise /Zc:wchar_t /Zc:forScope /Fo"Release\\" /Fd"Release\vc120.pdb" /Gd /TC /analyze- /errorReport:prompt Queue.c
         Queue.c
     1>Queue.c(10): warning C4129: 'P' : unrecognized character escape sequence
     1>Queue.c(25): warning C4129: 'P' : unrecognized character escape sequence
     1>Queue.c(48): warning C4033: 'Queue_Pop' must return a value
       Link:
         C:\Program Files (x86)\Microsoft Visual Studio 12.0\VC\bin\link.exe /ERRORREPORT:PROMPT /OUT:"C:\Users\Dimo\Desktop\SnakeGameWithDataQueue\Release\SnakeGameWithDataQueue.exe" /NOLOGO kernel32.lib user32.lib gdi32.lib winspool.lib comdlg32.lib advapi32.lib shell32.lib ole32.lib oleaut32.lib uuid.lib odbc32.lib odbccp32.lib /MANIFEST /MANIFESTUAC:"level='asInvoker' uiAccess='false'" /manifest:embed /DEBUG /PDB:"C:\Users\Dimo\Desktop\SnakeGameWithDataQueue\Release\SnakeGameWithDataQueue.pdb" /OPT:REF /OPT:ICF /LTCG /TLBID:1 /DYNAMICBASE /NXCOMPAT /IMPLIB:"C:\Users\Dimo\Desktop\SnakeGameWithDataQueue\Release\SnakeGameWithDataQueue.lib" /MACHINE:X86 /SAFESEH Release\main.obj
         Release\Queue.obj
         Release\Song.obj
         Generating code
     1>c:\users\dimo\desktop\snakegamewithdataqueue\snakegamewithdataqueue\queue.c(71): warning C4715: 'Queue_Back' : not all control paths return a value
     1>c:\users\dimo\desktop\snakegamewithdataqueue\snakegamewithdataqueue\queue.c(59): warning C4715: 'Queue_Pop' : not all control paths return a value
         Finished generating code
         SnakeGameWithDataQueue.vcxproj -> C:\Users\Dimo\Desktop\SnakeGameWithDataQueue\Release\SnakeGameWithDataQueue.exe
     1>Done Building Project "C:\Users\Dimo\Desktop\SnakeGameWithDataQueue\SnakeGameWithDataQueue\SnakeGameWithDataQueue.vcxproj" (Build target(s)).

Build succeeded.

Time Elapsed 00:00:03.02
